# JRE version: OpenJDK Runtime Environment (11.0.10) (build 11.0.10+0-b96-7249189)
# Java VM: OpenJDK 64-Bit Server VM (11.0.10+0-b96-7249189, mixed mode, tiered, compressed oops, g1 gc, windows-amd64)
Heap:
 garbage-first heap   total 131072K, used 10472K [0x0000000081e00000, 0x0000000100000000)
  region size 1024K, 1 young (1024K), 1 survivors (1024K)
 Metaspace       used 23010K, capacity 23287K, committed 23424K, reserved 1085440K
  class space    used 2445K, capacity 2567K, committed 2688K, reserved 1048576K
GC Heap History (8 events):
Event: 0.478 GC heap before
{Heap before GC invocations=0 (full 0):
 garbage-first heap   total 131072K, used 17408K [0x0000000081e00000, 0x0000000100000000)
  region size 1024K, 14 young (14336K), 0 survivors (0K)
 Metaspace       used 9745K, capacity 9871K, committed 10112K, reserved 1058816K
  class space    used 829K, capacity 884K, committed 896K, reserved 1048576K
}
Event: 0.482 GC heap after
{Heap after GC invocations=1 (full 0):
 garbage-first heap   total 131072K, used 5225K [0x0000000081e00000, 0x0000000100000000)
  region size 1024K, 2 young (2048K), 2 survivors (2048K)
 Metaspace       used 9745K, capacity 9871K, committed 10112K, reserved 1058816K
  class space    used 829K, capacity 884K, committed 896K, reserved 1048576K
}
Event: 1.600 GC heap before
{Heap before GC invocations=1 (full 0):
 garbage-first heap   total 131072K, used 52329K [0x0000000081e00000, 0x0000000100000000)
  region size 1024K, 49 young (50176K), 2 survivors (2048K)
 Metaspace       used 20950K, capacity 21165K, committed 21248K, reserved 1069056K
  class space    used 2224K, capacity 2286K, committed 2304K, reserved 1048576K
}
Event: 1.613 GC heap after
{Heap after GC invocations=2 (full 0):
 garbage-first heap   total 131072K, used 9391K [0x0000000081e00000, 0x0000000100000000)
  region size 1024K, 7 young (7168K), 7 survivors (7168K)
 Metaspace       used 20950K, capacity 21165K, committed 21248K, reserved 1069056K
  class space    used 2224K, capacity 2286K, committed 2304K, reserved 1048576K
}
Event: 1.674 GC heap before
{Heap before GC invocations=3 (full 0):
 garbage-first heap   total 131072K, used 11439K [0x0000000081e00000, 0x0000000100000000)
  region size 1024K, 10 young (10240K), 7 survivors (7168K)
 Metaspace       used 21896K, capacity 22048K, committed 22144K, reserved 1075200K
  class space    used 2319K, capacity 2388K, committed 2432K, reserved 1048576K
}
Event: 1.688 GC heap after
{Heap after GC invocations=4 (full 0):
 garbage-first heap   total 131072K, used 10445K [0x0000000081e00000, 0x0000000100000000)
  region size 1024K, 1 young (1024K), 1 survivors (1024K)
 Metaspace       used 21896K, capacity 22048K, committed 22144K, reserved 1075200K
  class space    used 2319K, capacity 2388K, committed 2432K, reserved 1048576K
}
Event: 1.772 GC heap before
{Heap before GC invocations=5 (full 0):
 garbage-first heap   total 131072K, used 15565K [0x0000000081e00000, 0x0000000100000000)
  region size 1024K, 4 young (4096K), 1 survivors (1024K)
 Metaspace       used 23010K, capacity 23287K, committed 23424K, reserved 1083392K
  class space    used 2445K, capacity 2567K, committed 2688K, reserved 1048576K
}
Event: 1.774 GC heap after
{Heap after GC invocations=6 (full 0):
 garbage-first heap   total 131072K, used 10472K [0x0000000081e00000, 0x0000000100000000)
  region size 1024K, 1 young (1024K), 1 survivors (1024K)
 Metaspace       used 23010K, capacity 23287K, committed 23424K, reserved 1083392K
  class space    used 2445K, capacity 2567K, committed 2688K, reserved 1048576K
}

