# JRE version: OpenJDK Runtime Environment (11.0.10) (build 11.0.10+0-b96-7249189)
# Java VM: OpenJDK 64-Bit Server VM (11.0.10+0-b96-7249189, mixed mode, tiered, compressed oops, g1 gc, windows-amd64)
Heap:
 garbage-first heap   total 347136K, used 166018K [0x0000000080000000, 0x0000000100000000)
  region size 1024K, 5 young (5120K), 5 survivors (5120K)
 Metaspace       used 97516K, capacity 99900K, committed 100028K, reserved 1136640K
  class space    used 12769K, capacity 13654K, committed 13696K, reserved 1048576K
GC Heap History (20 events):
Event: 15.935 GC heap after
{Heap after GC invocations=18 (full 0):
 garbage-first heap   total 157696K, used 64324K [0x0000000080000000, 0x0000000100000000)
  region size 1024K, 9 young (9216K), 9 survivors (9216K)
 Metaspace       used 74402K, capacity 76163K, committed 76476K, reserved 1116160K
  class space    used 9618K, capacity 10257K, committed 10368K, reserved 1048576K
}
Event: 17.131 GC heap before
{Heap before GC invocations=18 (full 0):
 garbage-first heap   total 157696K, used 124740K [0x0000000080000000, 0x0000000100000000)
  region size 1024K, 68 young (69632K), 9 survivors (9216K)
 Metaspace       used 80960K, capacity 82915K, committed 83132K, reserved 1122304K
  class space    used 10585K, capacity 11304K, committed 11392K, reserved 1048576K
}
Event: 17.151 GC heap after
{Heap after GC invocations=19 (full 0):
 garbage-first heap   total 189440K, used 68586K [0x0000000080000000, 0x0000000100000000)
  region size 1024K, 9 young (9216K), 9 survivors (9216K)
 Metaspace       used 80960K, capacity 82915K, committed 83132K, reserved 1122304K
  class space    used 10585K, capacity 11304K, committed 11392K, reserved 1048576K
}
Event: 19.137 GC heap before
{Heap before GC invocations=19 (full 0):
 garbage-first heap   total 189440K, used 138218K [0x0000000080000000, 0x0000000100000000)
  region size 1024K, 78 young (79872K), 9 survivors (9216K)
 Metaspace       used 83389K, capacity 85452K, committed 85692K, reserved 1124352K
  class space    used 10809K, capacity 11597K, committed 11648K, reserved 1048576K
}
Event: 19.156 GC heap after
{Heap after GC invocations=20 (full 0):
 garbage-first heap   total 189440K, used 73105K [0x0000000080000000, 0x0000000100000000)
  region size 1024K, 9 young (9216K), 9 survivors (9216K)
 Metaspace       used 83389K, capacity 85452K, committed 85692K, reserved 1124352K
  class space    used 10809K, capacity 11597K, committed 11648K, reserved 1048576K
}
Event: 20.298 GC heap before
{Heap before GC invocations=20 (full 0):
 garbage-first heap   total 189440K, used 143761K [0x0000000080000000, 0x0000000100000000)
  region size 1024K, 79 young (80896K), 9 survivors (9216K)
 Metaspace       used 87860K, capacity 90007K, committed 90044K, reserved 1128448K
  class space    used 11366K, capacity 12140K, committed 12160K, reserved 1048576K
}
Event: 20.316 GC heap after
{Heap after GC invocations=21 (full 0):
 garbage-first heap   total 189440K, used 76609K [0x0000000080000000, 0x0000000100000000)
  region size 1024K, 8 young (8192K), 8 survivors (8192K)
 Metaspace       used 87860K, capacity 90007K, committed 90044K, reserved 1128448K
  class space    used 11366K, capacity 12140K, committed 12160K, reserved 1048576K
}
Event: 22.614 GC heap before
{Heap before GC invocations=21 (full 0):
 garbage-first heap   total 189440K, used 151361K [0x0000000080000000, 0x0000000100000000)
  region size 1024K, 67 young (68608K), 8 survivors (8192K)
 Metaspace       used 91497K, capacity 93703K, committed 93884K, reserved 1130496K
  class space    used 11849K, capacity 12649K, committed 12672K, reserved 1048576K
}
Event: 22.646 GC heap after
{Heap after GC invocations=22 (full 0):
 garbage-first heap   total 189440K, used 96809K [0x0000000080000000, 0x0000000100000000)
  region size 1024K, 10 young (10240K), 10 survivors (10240K)
 Metaspace       used 91497K, capacity 93703K, committed 93884K, reserved 1130496K
  class space    used 11849K, capacity 12649K, committed 12672K, reserved 1048576K
}
Event: 24.150 GC heap before
{Heap before GC invocations=23 (full 0):
 garbage-first heap   total 189440K, used 153129K [0x0000000080000000, 0x0000000100000000)
  region size 1024K, 62 young (63488K), 10 survivors (10240K)
 Metaspace       used 91867K, capacity 94016K, committed 94268K, reserved 1130496K
  class space    used 11877K, capacity 12682K, committed 12800K, reserved 1048576K
}
Event: 24.292 GC heap after
{Heap after GC invocations=24 (full 0):
 garbage-first heap   total 189440K, used 113664K [0x0000000080000000, 0x0000000100000000)
  region size 1024K, 9 young (9216K), 9 survivors (9216K)
 Metaspace       used 91867K, capacity 94016K, committed 94268K, reserved 1130496K
  class space    used 11877K, capacity 12682K, committed 12800K, reserved 1048576K
}
Event: 25.693 GC heap before
{Heap before GC invocations=25 (full 0):
 garbage-first heap   total 189440K, used 152576K [0x0000000080000000, 0x0000000100000000)
  region size 1024K, 46 young (47104K), 9 survivors (9216K)
 Metaspace       used 94655K, capacity 97009K, committed 97084K, reserved 1132544K
  class space    used 12398K, capacity 13264K, committed 13312K, reserved 1048576K
}
Event: 25.748 GC heap after
{Heap after GC invocations=26 (full 0):
 garbage-first heap   total 244736K, used 129024K [0x0000000080000000, 0x0000000100000000)
  region size 1024K, 6 young (6144K), 6 survivors (6144K)
 Metaspace       used 94655K, capacity 97009K, committed 97084K, reserved 1132544K
  class space    used 12398K, capacity 13264K, committed 13312K, reserved 1048576K
}
Event: 26.661 GC heap before
{Heap before GC invocations=26 (full 0):
 garbage-first heap   total 244736K, used 178176K [0x0000000080000000, 0x0000000100000000)
  region size 1024K, 55 young (56320K), 6 survivors (6144K)
 Metaspace       used 95510K, capacity 97831K, committed 97980K, reserved 1134592K
  class space    used 12517K, capacity 13387K, committed 13440K, reserved 1048576K
}
Event: 26.834 GC heap after
{Heap after GC invocations=27 (full 0):
 garbage-first heap   total 244736K, used 152576K [0x0000000080000000, 0x0000000100000000)
  region size 1024K, 7 young (7168K), 7 survivors (7168K)
 Metaspace       used 95510K, capacity 97831K, committed 97980K, reserved 1134592K
  class space    used 12517K, capacity 13387K, committed 13440K, reserved 1048576K
}
Event: 27.780 GC heap before
{Heap before GC invocations=28 (full 0):
 garbage-first heap   total 244736K, used 181248K [0x0000000080000000, 0x0000000100000000)
  region size 1024K, 43 young (44032K), 7 survivors (7168K)
 Metaspace       used 97249K, capacity 99664K, committed 99772K, reserved 1136640K
  class space    used 12747K, capacity 13646K, committed 13696K, reserved 1048576K
}
Event: 27.810 GC heap after
{Heap after GC invocations=29 (full 0):
 garbage-first heap   total 244736K, used 151742K [0x0000000080000000, 0x0000000100000000)
  region size 1024K, 6 young (6144K), 6 survivors (6144K)
 Metaspace       used 97249K, capacity 99664K, committed 99772K, reserved 1136640K
  class space    used 12747K, capacity 13646K, committed 13696K, reserved 1048576K
}
Event: 27.992 GC heap before
{Heap before GC invocations=29 (full 0):
 garbage-first heap   total 244736K, used 159934K [0x0000000080000000, 0x0000000100000000)
  region size 1024K, 16 young (16384K), 6 survivors (6144K)
 Metaspace       used 97262K, capacity 99729K, committed 100028K, reserved 1136640K
  class space    used 12747K, capacity 13646K, committed 13696K, reserved 1048576K
}
Event: 28.021 GC heap after
{Heap after GC invocations=30 (full 0):
 garbage-first heap   total 244736K, used 153322K [0x0000000080000000, 0x0000000100000000)
  region size 1024K, 2 young (2048K), 2 survivors (2048K)
 Metaspace       used 97262K, capacity 99729K, committed 100028K, reserved 1136640K
  class space    used 12747K, capacity 13646K, committed 13696K, reserved 1048576K
}
Event: 30.147 GC heap before
{Heap before GC invocations=31 (full 0):
 garbage-first heap   total 244736K, used 201450K [0x0000000080000000, 0x0000000100000000)
  region size 1024K, 40 young (40960K), 2 survivors (2048K)
 Metaspace       used 97516K, capacity 99900K, committed 100028K, reserved 1136640K
  class space    used 12769K, capacity 13654K, committed 13696K, reserved 1048576K
}

