# JRE version: OpenJDK Runtime Environment (11.0.10) (build 11.0.10+0-b96-7249189)
# Java VM: OpenJDK 64-Bit Server VM (11.0.10+0-b96-7249189, mixed mode, tiered, compressed oops, g1 gc, windows-amd64)
Heap:
 garbage-first heap   total 334848K, used 173416K [0x0000000080000000, 0x0000000100000000)
  region size 1024K, 46 young (47104K), 12 survivors (12288K)
 Metaspace       used 120817K, capacity 124712K, committed 124876K, reserved 1157120K
  class space    used 15472K, capacity 16824K, committed 16844K, reserved 1048576K
GC Heap History (20 events):
Event: 135.329 GC heap before
{Heap before GC invocations=46 (full 0):
 garbage-first heap   total 334848K, used 165825K [0x0000000080000000, 0x0000000100000000)
  region size 1024K, 16 young (16384K), 2 survivors (2048K)
 Metaspace       used 102774K, capacity 105314K, committed 105420K, reserved 1140736K
  class space    used 13316K, capacity 14245K, committed 14284K, reserved 1048576K
}
Event: 135.361 GC heap after
{Heap after GC invocations=47 (full 0):
 garbage-first heap   total 334848K, used 153908K [0x0000000080000000, 0x0000000100000000)
  region size 1024K, 4 young (4096K), 4 survivors (4096K)
 Metaspace       used 102774K, capacity 105314K, committed 105420K, reserved 1140736K
  class space    used 13316K, capacity 14245K, committed 14284K, reserved 1048576K
}
Event: 215.827 GC heap before
{Heap before GC invocations=48 (full 0):
 garbage-first heap   total 334848K, used 211252K [0x0000000080000000, 0x0000000100000000)
  region size 1024K, 67 young (68608K), 4 survivors (4096K)
 Metaspace       used 105781K, capacity 108410K, committed 108620K, reserved 1142784K
  class space    used 13599K, capacity 14556K, committed 14668K, reserved 1048576K
}
Event: 215.837 GC heap after
{Heap after GC invocations=49 (full 0):
 garbage-first heap   total 334848K, used 131327K [0x0000000080000000, 0x0000000100000000)
  region size 1024K, 5 young (5120K), 5 survivors (5120K)
 Metaspace       used 105781K, capacity 108410K, committed 108620K, reserved 1142784K
  class space    used 13599K, capacity 14556K, committed 14668K, reserved 1048576K
}
Event: 240.847 GC heap before
{Heap before GC invocations=49 (full 0):
 garbage-first heap   total 334848K, used 151807K [0x0000000080000000, 0x0000000100000000)
  region size 1024K, 16 young (16384K), 5 survivors (5120K)
 Metaspace       used 106470K, capacity 109176K, committed 109516K, reserved 1144832K
  class space    used 13701K, capacity 14697K, committed 14796K, reserved 1048576K
}
Event: 240.861 GC heap after
{Heap after GC invocations=50 (full 0):
 garbage-first heap   total 334848K, used 112481K [0x0000000080000000, 0x0000000100000000)
  region size 1024K, 2 young (2048K), 2 survivors (2048K)
 Metaspace       used 106470K, capacity 109176K, committed 109516K, reserved 1144832K
  class space    used 13701K, capacity 14697K, committed 14796K, reserved 1048576K
}
Event: 240.947 GC heap before
{Heap before GC invocations=50 (full 0):
 garbage-first heap   total 334848K, used 115553K [0x0000000080000000, 0x0000000100000000)
  region size 1024K, 6 young (6144K), 2 survivors (2048K)
 Metaspace       used 106581K, capacity 109288K, committed 109516K, reserved 1144832K
  class space    used 13715K, capacity 14710K, committed 14796K, reserved 1048576K
}
Event: 240.955 GC heap after
{Heap after GC invocations=51 (full 0):
 garbage-first heap   total 334848K, used 113007K [0x0000000080000000, 0x0000000100000000)
  region size 1024K, 3 young (3072K), 3 survivors (3072K)
 Metaspace       used 106581K, capacity 109288K, committed 109516K, reserved 1144832K
  class space    used 13715K, capacity 14710K, committed 14796K, reserved 1048576K
}
Event: 242.570 GC heap before
{Heap before GC invocations=52 (full 0):
 garbage-first heap   total 334848K, used 193903K [0x0000000080000000, 0x0000000100000000)
  region size 1024K, 75 young (76800K), 3 survivors (3072K)
 Metaspace       used 109071K, capacity 112012K, committed 112204K, reserved 1146880K
  class space    used 14059K, capacity 15109K, committed 15180K, reserved 1048576K
}
Event: 242.584 GC heap after
{Heap after GC invocations=53 (full 0):
 garbage-first heap   total 334848K, used 128053K [0x0000000080000000, 0x0000000100000000)
  region size 1024K, 10 young (10240K), 10 survivors (10240K)
 Metaspace       used 109071K, capacity 112012K, committed 112204K, reserved 1146880K
  class space    used 14059K, capacity 15109K, committed 15180K, reserved 1048576K
}
Event: 242.753 GC heap before
{Heap before GC invocations=53 (full 0):
 garbage-first heap   total 334848K, used 134197K [0x0000000080000000, 0x0000000100000000)
  region size 1024K, 16 young (16384K), 10 survivors (10240K)
 Metaspace       used 109487K, capacity 112452K, committed 112716K, reserved 1146880K
  class space    used 14113K, capacity 15130K, committed 15180K, reserved 1048576K
}
Event: 242.773 GC heap after
{Heap after GC invocations=54 (full 0):
 garbage-first heap   total 334848K, used 122351K [0x0000000080000000, 0x0000000100000000)
  region size 1024K, 1 young (1024K), 1 survivors (1024K)
 Metaspace       used 109487K, capacity 112452K, committed 112716K, reserved 1146880K
  class space    used 14113K, capacity 15130K, committed 15180K, reserved 1048576K
}
Event: 243.673 GC heap before
{Heap before GC invocations=54 (full 0):
 garbage-first heap   total 334848K, used 176623K [0x0000000080000000, 0x0000000100000000)
  region size 1024K, 56 young (57344K), 1 survivors (1024K)
 Metaspace       used 112442K, capacity 115533K, committed 115788K, reserved 1148928K
  class space    used 14483K, capacity 15556K, committed 15692K, reserved 1048576K
}
Event: 243.684 GC heap after
{Heap after GC invocations=55 (full 0):
 garbage-first heap   total 334848K, used 125964K [0x0000000080000000, 0x0000000100000000)
  region size 1024K, 5 young (5120K), 5 survivors (5120K)
 Metaspace       used 112442K, capacity 115533K, committed 115788K, reserved 1148928K
  class space    used 14483K, capacity 15556K, committed 15692K, reserved 1048576K
}
Event: 245.239 GC heap before
{Heap before GC invocations=56 (full 0):
 garbage-first heap   total 334848K, used 209932K [0x0000000080000000, 0x0000000100000000)
  region size 1024K, 86 young (88064K), 5 survivors (5120K)
 Metaspace       used 116691K, capacity 119937K, committed 120140K, reserved 1153024K
  class space    used 14914K, capacity 16082K, committed 16204K, reserved 1048576K
}
Event: 245.256 GC heap after
{Heap after GC invocations=57 (full 0):
 garbage-first heap   total 334848K, used 130523K [0x0000000080000000, 0x0000000100000000)
  region size 1024K, 9 young (9216K), 9 survivors (9216K)
 Metaspace       used 116691K, capacity 119937K, committed 120140K, reserved 1153024K
  class space    used 14914K, capacity 16082K, committed 16204K, reserved 1048576K
}
Event: 245.383 GC heap before
{Heap before GC invocations=57 (full 0):
 garbage-first heap   total 334848K, used 137691K [0x0000000080000000, 0x0000000100000000)
  region size 1024K, 16 young (16384K), 9 survivors (9216K)
 Metaspace       used 117158K, capacity 120421K, committed 120652K, reserved 1153024K
  class space    used 14975K, capacity 16154K, committed 16204K, reserved 1048576K
}
Event: 245.402 GC heap after
{Heap after GC invocations=58 (full 0):
 garbage-first heap   total 334848K, used 130669K [0x0000000080000000, 0x0000000100000000)
  region size 1024K, 2 young (2048K), 2 survivors (2048K)
 Metaspace       used 117158K, capacity 120421K, committed 120652K, reserved 1153024K
  class space    used 14975K, capacity 16154K, committed 16204K, reserved 1048576K
}
Event: 261.720 GC heap before
{Heap before GC invocations=58 (full 0):
 garbage-first heap   total 334848K, used 219757K [0x0000000080000000, 0x0000000100000000)
  region size 1024K, 89 young (91136K), 2 survivors (2048K)
 Metaspace       used 119115K, capacity 122617K, committed 122700K, reserved 1155072K
  class space    used 15207K, capacity 16432K, committed 16460K, reserved 1048576K
}
Event: 261.747 GC heap after
{Heap after GC invocations=59 (full 0):
 garbage-first heap   total 334848K, used 140648K [0x0000000080000000, 0x0000000100000000)
  region size 1024K, 12 young (12288K), 12 survivors (12288K)
 Metaspace       used 119115K, capacity 122617K, committed 122700K, reserved 1155072K
  class space    used 15207K, capacity 16432K, committed 16460K, reserved 1048576K
}

