# JRE version: OpenJDK Runtime Environment (11.0.10) (build 11.0.10+0-b96-7249189)
# Java VM: OpenJDK 64-Bit Server VM (11.0.10+0-b96-7249189, mixed mode, tiered, compressed oops, g1 gc, windows-amd64)
Heap:
 garbage-first heap   total 131072K, used 30823K [0x0000000080000000, 0x0000000100000000)
  region size 1024K, 6 young (6144K), 3 survivors (3072K)
 Metaspace       used 45300K, capacity 46430K, committed 46588K, reserved 1089536K
  class space    used 5811K, capacity 6228K, committed 6272K, reserved 1048576K
GC Heap History (18 events):
Event: 1.045 GC heap before
{Heap before GC invocations=0 (full 0):
 garbage-first heap   total 131072K, used 20480K [0x0000000080000000, 0x0000000100000000)
  region size 1024K, 14 young (14336K), 0 survivors (0K)
 Metaspace       used 7040K, capacity 7225K, committed 7424K, reserved 1056768K
  class space    used 615K, capacity 682K, committed 768K, reserved 1048576K
}
Event: 1.050 GC heap after
{Heap after GC invocations=1 (full 0):
 garbage-first heap   total 131072K, used 8287K [0x0000000080000000, 0x0000000100000000)
  region size 1024K, 2 young (2048K), 2 survivors (2048K)
 Metaspace       used 7040K, capacity 7225K, committed 7424K, reserved 1056768K
  class space    used 615K, capacity 682K, committed 768K, reserved 1048576K
}
Event: 1.418 GC heap before
{Heap before GC invocations=1 (full 0):
 garbage-first heap   total 131072K, used 19551K [0x0000000080000000, 0x0000000100000000)
  region size 1024K, 13 young (13312K), 2 survivors (2048K)
 Metaspace       used 9896K, capacity 10066K, committed 10368K, reserved 1058816K
  class space    used 1024K, capacity 1102K, committed 1152K, reserved 1048576K
}
Event: 1.422 GC heap after
{Heap after GC invocations=2 (full 0):
 garbage-first heap   total 131072K, used 9047K [0x0000000080000000, 0x0000000100000000)
  region size 1024K, 1 young (1024K), 1 survivors (1024K)
 Metaspace       used 9896K, capacity 10066K, committed 10368K, reserved 1058816K
  class space    used 1024K, capacity 1102K, committed 1152K, reserved 1048576K
}
Event: 2.118 GC heap before
{Heap before GC invocations=2 (full 0):
 garbage-first heap   total 131072K, used 36695K [0x0000000080000000, 0x0000000100000000)
  region size 1024K, 28 young (28672K), 1 survivors (1024K)
 Metaspace       used 10823K, capacity 11083K, committed 11264K, reserved 1058816K
  class space    used 1127K, capacity 1206K, committed 1280K, reserved 1048576K
}
Event: 2.122 GC heap after
{Heap after GC invocations=3 (full 0):
 garbage-first heap   total 131072K, used 11482K [0x0000000080000000, 0x0000000100000000)
  region size 1024K, 4 young (4096K), 4 survivors (4096K)
 Metaspace       used 10823K, capacity 11083K, committed 11264K, reserved 1058816K
  class space    used 1127K, capacity 1206K, committed 1280K, reserved 1048576K
}
Event: 4.420 GC heap before
{Heap before GC invocations=3 (full 0):
 garbage-first heap   total 131072K, used 52442K [0x0000000080000000, 0x0000000100000000)
  region size 1024K, 44 young (45056K), 4 survivors (4096K)
 Metaspace       used 17833K, capacity 18299K, committed 18432K, reserved 1064960K
  class space    used 2104K, capacity 2238K, committed 2304K, reserved 1048576K
}
Event: 4.427 GC heap after
{Heap after GC invocations=4 (full 0):
 garbage-first heap   total 131072K, used 15962K [0x0000000080000000, 0x0000000100000000)
  region size 1024K, 6 young (6144K), 6 survivors (6144K)
 Metaspace       used 17833K, capacity 18299K, committed 18432K, reserved 1064960K
  class space    used 2104K, capacity 2238K, committed 2304K, reserved 1048576K
}
Event: 4.779 GC heap before
{Heap before GC invocations=4 (full 0):
 garbage-first heap   total 131072K, used 36442K [0x0000000080000000, 0x0000000100000000)
  region size 1024K, 28 young (28672K), 6 survivors (6144K)
 Metaspace       used 20655K, capacity 21166K, committed 21296K, reserved 1069056K
  class space    used 2514K, capacity 2688K, committed 2688K, reserved 1048576K
}
Event: 4.786 GC heap after
{Heap after GC invocations=5 (full 0):
 garbage-first heap   total 131072K, used 16843K [0x0000000080000000, 0x0000000100000000)
  region size 1024K, 5 young (5120K), 5 survivors (5120K)
 Metaspace       used 20655K, capacity 21166K, committed 21296K, reserved 1069056K
  class space    used 2514K, capacity 2688K, committed 2688K, reserved 1048576K
}
Event: 5.644 GC heap before
{Heap before GC invocations=6 (full 0):
 garbage-first heap   total 131072K, used 67019K [0x0000000080000000, 0x0000000100000000)
  region size 1024K, 54 young (55296K), 5 survivors (5120K)
 Metaspace       used 25790K, capacity 26434K, committed 26672K, reserved 1073152K
  class space    used 3368K, capacity 3598K, committed 3712K, reserved 1048576K
}
Event: 5.654 GC heap after
{Heap after GC invocations=7 (full 0):
 garbage-first heap   total 131072K, used 18656K [0x0000000080000000, 0x0000000100000000)
  region size 1024K, 3 young (3072K), 3 survivors (3072K)
 Metaspace       used 25790K, capacity 26434K, committed 26672K, reserved 1073152K
  class space    used 3368K, capacity 3598K, committed 3712K, reserved 1048576K
}
Event: 7.104 GC heap before
{Heap before GC invocations=7 (full 0):
 garbage-first heap   total 131072K, used 76000K [0x0000000080000000, 0x0000000100000000)
  region size 1024K, 60 young (61440K), 3 survivors (3072K)
 Metaspace       used 34794K, capacity 35622K, committed 35708K, reserved 1081344K
  class space    used 4524K, capacity 4832K, committed 4864K, reserved 1048576K
}
Event: 7.125 GC heap after
{Heap after GC invocations=8 (full 0):
 garbage-first heap   total 131072K, used 21982K [0x0000000080000000, 0x0000000100000000)
  region size 1024K, 6 young (6144K), 6 survivors (6144K)
 Metaspace       used 34794K, capacity 35622K, committed 35708K, reserved 1081344K
  class space    used 4524K, capacity 4832K, committed 4864K, reserved 1048576K
}
Event: 8.303 GC heap before
{Heap before GC invocations=9 (full 0):
 garbage-first heap   total 131072K, used 85470K [0x0000000080000000, 0x0000000100000000)
  region size 1024K, 66 young (67584K), 6 survivors (6144K)
 Metaspace       used 39353K, capacity 40218K, committed 40316K, reserved 1085440K
  class space    used 5016K, capacity 5356K, committed 5376K, reserved 1048576K
}
Event: 8.321 GC heap after
{Heap after GC invocations=10 (full 0):
 garbage-first heap   total 131072K, used 27037K [0x0000000080000000, 0x0000000100000000)
  region size 1024K, 9 young (9216K), 9 survivors (9216K)
 Metaspace       used 39353K, capacity 40218K, committed 40316K, reserved 1085440K
  class space    used 5016K, capacity 5356K, committed 5376K, reserved 1048576K
}
Event: 9.421 GC heap before
{Heap before GC invocations=10 (full 0):
 garbage-first heap   total 131072K, used 90525K [0x0000000080000000, 0x0000000100000000)
  region size 1024K, 71 young (72704K), 9 survivors (9216K)
 Metaspace       used 45112K, capacity 46256K, committed 46588K, reserved 1089536K
  class space    used 5786K, capacity 6192K, committed 6272K, reserved 1048576K
}
Event: 9.436 GC heap after
{Heap after GC invocations=11 (full 0):
 garbage-first heap   total 131072K, used 28775K [0x0000000080000000, 0x0000000100000000)
  region size 1024K, 3 young (3072K), 3 survivors (3072K)
 Metaspace       used 45112K, capacity 46256K, committed 46588K, reserved 1089536K
  class space    used 5786K, capacity 6192K, committed 6272K, reserved 1048576K
}

