# JRE version: OpenJDK Runtime Environment (11.0.10) (build 11.0.10+0-b96-7249189)
# Java VM: OpenJDK 64-Bit Server VM (11.0.10+0-b96-7249189, mixed mode, tiered, compressed oops, g1 gc, windows-amd64)
Heap:
 garbage-first heap   total 388096K, used 107039K [0x0000000080000000, 0x0000000100000000)
  region size 1024K, 2 young (2048K), 2 survivors (2048K)
 Metaspace       used 125105K, capacity 128770K, committed 128972K, reserved 1161216K
  class space    used 15381K, capacity 16739K, committed 16844K, reserved 1048576K
GC Heap History (20 events):
Event: 13265.394 GC heap after
{Heap after GC invocations=105 (full 0):
 garbage-first heap   total 227328K, used 111418K [0x0000000080000000, 0x0000000100000000)
  region size 1024K, 2 young (2048K), 2 survivors (2048K)
 Metaspace       used 119482K, capacity 122974K, committed 123852K, reserved 1157120K
  class space    used 14952K, capacity 16227K, committed 16588K, reserved 1048576K
}
Event: 13266.385 GC heap before
{Heap before GC invocations=105 (full 0):
 garbage-first heap   total 227328K, used 166714K [0x0000000080000000, 0x0000000100000000)
  region size 1024K, 58 young (59392K), 2 survivors (2048K)
 Metaspace       used 119498K, capacity 122980K, committed 123852K, reserved 1157120K
  class space    used 14953K, capacity 16229K, committed 16588K, reserved 1048576K
}
Event: 13266.396 GC heap after
{Heap after GC invocations=106 (full 0):
 garbage-first heap   total 227328K, used 114217K [0x0000000080000000, 0x0000000100000000)
  region size 1024K, 5 young (5120K), 5 survivors (5120K)
 Metaspace       used 119498K, capacity 122980K, committed 123852K, reserved 1157120K
  class space    used 14953K, capacity 16229K, committed 16588K, reserved 1048576K
}
Event: 13267.373 GC heap before
{Heap before GC invocations=107 (full 0):
 garbage-first heap   total 227328K, used 192041K [0x0000000080000000, 0x0000000100000000)
  region size 1024K, 67 young (68608K), 5 survivors (5120K)
 Metaspace       used 122141K, capacity 125701K, committed 126540K, reserved 1159168K
  class space    used 15149K, capacity 16429K, committed 16716K, reserved 1048576K
}
Event: 13267.387 GC heap after
{Heap after GC invocations=108 (full 0):
 garbage-first heap   total 227328K, used 117349K [0x0000000080000000, 0x0000000100000000)
  region size 1024K, 8 young (8192K), 8 survivors (8192K)
 Metaspace       used 122141K, capacity 125701K, committed 126540K, reserved 1159168K
  class space    used 15149K, capacity 16429K, committed 16716K, reserved 1048576K
}
Event: 13267.400 GC heap before
{Heap before GC invocations=108 (full 0):
 garbage-first heap   total 227328K, used 120421K [0x0000000080000000, 0x0000000100000000)
  region size 1024K, 11 young (11264K), 8 survivors (8192K)
 Metaspace       used 122180K, capacity 125701K, committed 126540K, reserved 1159168K
  class space    used 15152K, capacity 16429K, committed 16716K, reserved 1048576K
}
Event: 13267.413 GC heap after
{Heap after GC invocations=109 (full 0):
 garbage-first heap   total 227328K, used 118579K [0x0000000080000000, 0x0000000100000000)
  region size 1024K, 2 young (2048K), 2 survivors (2048K)
 Metaspace       used 122180K, capacity 125701K, committed 126540K, reserved 1159168K
  class space    used 15152K, capacity 16429K, committed 16716K, reserved 1048576K
}
Event: 13268.193 GC heap before
{Heap before GC invocations=109 (full 0):
 garbage-first heap   total 227328K, used 180019K [0x0000000080000000, 0x0000000100000000)
  region size 1024K, 63 young (64512K), 2 survivors (2048K)
 Metaspace       used 122652K, capacity 126187K, committed 127052K, reserved 1159168K
  class space    used 15180K, capacity 16463K, committed 16716K, reserved 1048576K
}
Event: 13268.203 GC heap after
{Heap after GC invocations=110 (full 0):
 garbage-first heap   total 227328K, used 120690K [0x0000000080000000, 0x0000000100000000)
  region size 1024K, 4 young (4096K), 4 survivors (4096K)
 Metaspace       used 122652K, capacity 126187K, committed 127052K, reserved 1159168K
  class space    used 15180K, capacity 16463K, committed 16716K, reserved 1048576K
}
Event: 13268.929 GC heap before
{Heap before GC invocations=111 (full 0):
 garbage-first heap   total 227328K, used 174000K [0x0000000080000000, 0x0000000100000000)
  region size 1024K, 65 young (66560K), 4 survivors (4096K)
 Metaspace       used 122961K, capacity 126516K, committed 127436K, reserved 1159168K
  class space    used 15208K, capacity 16508K, committed 16844K, reserved 1048576K
}
Event: 13268.949 GC heap after
{Heap after GC invocations=112 (full 0):
 garbage-first heap   total 227328K, used 119872K [0x0000000080000000, 0x0000000100000000)
  region size 1024K, 9 young (9216K), 9 survivors (9216K)
 Metaspace       used 122961K, capacity 126516K, committed 127436K, reserved 1159168K
  class space    used 15208K, capacity 16508K, committed 16844K, reserved 1048576K
}
Event: 13268.960 GC heap before
{Heap before GC invocations=112 (full 0):
 garbage-first heap   total 227328K, used 121920K [0x0000000080000000, 0x0000000100000000)
  region size 1024K, 11 young (11264K), 9 survivors (9216K)
 Metaspace       used 122971K, capacity 126518K, committed 127436K, reserved 1159168K
  class space    used 15208K, capacity 16508K, committed 16844K, reserved 1048576K
}
Event: 13268.999 GC heap after
{Heap after GC invocations=113 (full 0):
 garbage-first heap   total 227328K, used 100633K [0x0000000080000000, 0x0000000100000000)
  region size 1024K, 2 young (2048K), 2 survivors (2048K)
 Metaspace       used 122971K, capacity 126518K, committed 127436K, reserved 1159168K
  class space    used 15208K, capacity 16508K, committed 16844K, reserved 1048576K
}
Event: 13269.587 GC heap before
{Heap before GC invocations=113 (full 0):
 garbage-first heap   total 227328K, used 172313K [0x0000000080000000, 0x0000000100000000)
  region size 1024K, 72 young (73728K), 2 survivors (2048K)
 Metaspace       used 124207K, capacity 127901K, committed 128204K, reserved 1161216K
  class space    used 15371K, capacity 16701K, committed 16844K, reserved 1048576K
}
Event: 13269.694 GC heap after
{Heap after GC invocations=114 (full 0):
 garbage-first heap   total 227328K, used 105352K [0x0000000080000000, 0x0000000100000000)
  region size 1024K, 6 young (6144K), 6 survivors (6144K)
 Metaspace       used 124207K, capacity 127901K, committed 128204K, reserved 1161216K
  class space    used 15371K, capacity 16701K, committed 16844K, reserved 1048576K
}
Event: 13270.562 GC heap before
{Heap before GC invocations=115 (full 0):
 garbage-first heap   total 227328K, used 177032K [0x0000000080000000, 0x0000000100000000)
  region size 1024K, 76 young (77824K), 6 survivors (6144K)
 Metaspace       used 124937K, capacity 128621K, committed 128972K, reserved 1161216K
  class space    used 15379K, capacity 16736K, committed 16844K, reserved 1048576K
}
Event: 13270.578 GC heap after
{Heap after GC invocations=116 (full 0):
 garbage-first heap   total 227328K, used 107006K [0x0000000080000000, 0x0000000100000000)
  region size 1024K, 2 young (2048K), 2 survivors (2048K)
 Metaspace       used 124937K, capacity 128621K, committed 128972K, reserved 1161216K
  class space    used 15379K, capacity 16736K, committed 16844K, reserved 1048576K
}
Event: 13270.777 GC heap before
{Heap before GC invocations=116 (full 0):
 garbage-first heap   total 227328K, used 116222K [0x0000000080000000, 0x0000000100000000)
  region size 1024K, 11 young (11264K), 2 survivors (2048K)
 Metaspace       used 125007K, capacity 128699K, committed 128972K, reserved 1161216K
  class space    used 15381K, capacity 16739K, committed 16844K, reserved 1048576K
}
Event: 13270.787 GC heap after
{Heap after GC invocations=117 (full 0):
 garbage-first heap   total 227328K, used 105936K [0x0000000080000000, 0x0000000100000000)
  region size 1024K, 1 young (1024K), 1 survivors (1024K)
 Metaspace       used 125007K, capacity 128699K, committed 128972K, reserved 1161216K
  class space    used 15381K, capacity 16739K, committed 16844K, reserved 1048576K
}
Event: 13271.166 GC heap before
{Heap before GC invocations=117 (full 0):
 garbage-first heap   total 227328K, used 179664K [0x0000000080000000, 0x0000000100000000)
  region size 1024K, 73 young (74752K), 1 survivors (1024K)
 Metaspace       used 125105K, capacity 128770K, committed 128972K, reserved 1161216K
  class space    used 15381K, capacity 16739K, committed 16844K, reserved 1048576K
}

